<?xml version="1.0" encoding="UTF-8"?>
<testng-results skipped="0" failed="0" ignored="0" total="1" passed="1">
  <reporter-output>
  </reporter-output>
  <suite name="Default suite" duration-ms="10114" started-at="2018-02-21T01:15:17Z" finished-at="2018-02-21T01:15:28Z">
    <groups>
    </groups>
    <test name="Default test" duration-ms="10114" started-at="2018-02-21T01:15:17Z" finished-at="2018-02-21T01:15:28Z">
      <class name="webdriverTest.NewTest">
        <test-method status="PASS" signature="beforeTest()[pri:0, instance:webdriverTest.NewTest@42a311]" name="beforeTest" is-config="true" duration-ms="3953" started-at="2018-02-21T06:45:17Z" finished-at="2018-02-21T06:45:21Z">
          <reporter-output>
          </reporter-output>
        </test-method> <!-- beforeTest -->
        <test-method status="PASS" signature="testEasy()[pri:0, instance:webdriverTest.NewTest@42a311]" name="testEasy" duration-ms="5296" started-at="2018-02-21T06:45:21Z" finished-at="2018-02-21T06:45:27Z">
          <reporter-output>
          </reporter-output>
        </test-method> <!-- testEasy -->
        <test-method status="PASS" signature="afterTest()[pri:0, instance:webdriverTest.NewTest@42a311]" name="afterTest" is-config="true" duration-ms="832" started-at="2018-02-21T06:45:27Z" finished-at="2018-02-21T06:45:28Z">
          <reporter-output>
          </reporter-output>
        </test-method> <!-- afterTest -->
      </class> <!-- webdriverTest.NewTest -->
    </test> <!-- Default test -->
  </suite> <!-- Default suite -->
</testng-results>
